8354.592
8354.592
3573.653
3574.653
11788.204
11857.055
11761.521
11777.963
3601.534
-3403.371
8740.971
8327.711
10.000
20.000
10.000
10.000
20.000
20.000
4753.058
-11757.963
-5167.318
4753.058
11778.204
-11741.521
11778.204
11847.055
-11741.521
-11757.963
report_worst_paths 1
Path 1: RAT -11757.963 6 L
DOUT1 F
u1:DOUT1 F
u1:GATE1_Q_X2 F
u1:GATE1_CK_X6 R
u1:CLKIN R
CLKIN R
report_worst_paths 3
Path 1: RAT -11757.963 6 L
DOUT1 F
u1:DOUT1 F
u1:GATE1_Q_X2 F
u1:GATE1_CK_X6 R
u1:CLKIN R
CLKIN R
Path 2: RAT -11741.521 6 L
DOUT1 R
u1:DOUT1 R
u1:GATE1_Q_X2 R
u1:GATE1_CK_X6 R
u1:CLKIN R
CLKIN R
Path 3: Hold -5390.654 3 E
u1:GATE1_D_X7 F
u1:DATA1 F
DATA1 F
report_worst_paths 1
Path 1: Hold -5390.654 3 E
u1:GATE1_D_X7 F
u1:DATA1 F
DATA1 F
